20-Aug-2022 21:57:35.464 INFO [main] org.apache.catalina.startup.VersionLoggerListener.log Server version name:   Apache Tomcat/9.0.65
20-Aug-2022 21:57:35.468 INFO [main] org.apache.catalina.startup.VersionLoggerListener.log Server built:          Jul 14 2022 12:28:53 UTC
20-Aug-2022 21:57:35.468 INFO [main] org.apache.catalina.startup.VersionLoggerListener.log Server version number: 9.0.65.0
20-Aug-2022 21:57:35.468 INFO [main] org.apache.catalina.startup.VersionLoggerListener.log OS Name:               Windows 10
20-Aug-2022 21:57:35.468 INFO [main] org.apache.catalina.startup.VersionLoggerListener.log OS Version:            10.0
20-Aug-2022 21:57:35.468 INFO [main] org.apache.catalina.startup.VersionLoggerListener.log Architecture:          amd64
20-Aug-2022 21:57:35.468 INFO [main] org.apache.catalina.startup.VersionLoggerListener.log Java Home:             C:\Program Files\Java\jdk1.8.0_311\jre
20-Aug-2022 21:57:35.468 INFO [main] org.apache.catalina.startup.VersionLoggerListener.log JVM Version:           1.8.0_311-b11
20-Aug-2022 21:57:35.469 INFO [main] org.apache.catalina.startup.VersionLoggerListener.log JVM Vendor:            Oracle Corporation
20-Aug-2022 21:57:35.469 INFO [main] org.apache.catalina.startup.VersionLoggerListener.log CATALINA_BASE:         D:\apache-tomcat-9.0.65-windows-x64\apache-tomcat-9.0.65
20-Aug-2022 21:57:35.469 INFO [main] org.apache.catalina.startup.VersionLoggerListener.log CATALINA_HOME:         D:\apache-tomcat-9.0.65-windows-x64\apache-tomcat-9.0.65
20-Aug-2022 21:57:35.473 INFO [main] org.apache.catalina.startup.VersionLoggerListener.log Command line argument: -Djava.util.logging.config.file=D:\apache-tomcat-9.0.65-windows-x64\apache-tomcat-9.0.65\conf\logging.properties
20-Aug-2022 21:57:35.474 INFO [main] org.apache.catalina.startup.VersionLoggerListener.log Command line argument: -Djava.util.logging.manager=org.apache.juli.ClassLoaderLogManager
20-Aug-2022 21:57:35.474 INFO [main] org.apache.catalina.startup.VersionLoggerListener.log Command line argument: -Djdk.tls.ephemeralDHKeySize=2048
20-Aug-2022 21:57:35.474 INFO [main] org.apache.catalina.startup.VersionLoggerListener.log Command line argument: -Djava.protocol.handler.pkgs=org.apache.catalina.webresources
20-Aug-2022 21:57:35.474 INFO [main] org.apache.catalina.startup.VersionLoggerListener.log Command line argument: -Dignore.endorsed.dirs=
20-Aug-2022 21:57:35.475 INFO [main] org.apache.catalina.startup.VersionLoggerListener.log Command line argument: -Dcatalina.base=D:\apache-tomcat-9.0.65-windows-x64\apache-tomcat-9.0.65
20-Aug-2022 21:57:35.480 INFO [main] org.apache.catalina.startup.VersionLoggerListener.log Command line argument: -Dcatalina.home=D:\apache-tomcat-9.0.65-windows-x64\apache-tomcat-9.0.65
20-Aug-2022 21:57:35.482 INFO [main] org.apache.catalina.startup.VersionLoggerListener.log Command line argument: -Djava.io.tmpdir=D:\apache-tomcat-9.0.65-windows-x64\apache-tomcat-9.0.65\temp
20-Aug-2022 21:57:35.489 INFO [main] org.apache.catalina.core.AprLifecycleListener.lifecycleEvent Loaded Apache Tomcat Native library [1.2.35] using APR version [1.7.0].
20-Aug-2022 21:57:35.489 INFO [main] org.apache.catalina.core.AprLifecycleListener.lifecycleEvent APR capabilities: IPv6 [true], sendfile [true], accept filters [false], random [true], UDS [true].
20-Aug-2022 21:57:35.490 INFO [main] org.apache.catalina.core.AprLifecycleListener.lifecycleEvent APR/OpenSSL configuration: useAprConnector [false], useOpenSSL [true]
20-Aug-2022 21:57:35.502 INFO [main] org.apache.catalina.core.AprLifecycleListener.initializeSSL OpenSSL successfully initialized [OpenSSL 1.1.1q  5 Jul 2022]
20-Aug-2022 21:57:36.030 INFO [main] org.apache.coyote.AbstractProtocol.init Initializing ProtocolHandler ["http-nio-8080"]
20-Aug-2022 21:57:36.068 INFO [main] org.apache.catalina.startup.Catalina.load Server initialization in [884] milliseconds
20-Aug-2022 21:57:36.120 INFO [main] org.apache.catalina.core.StandardService.startInternal Starting service [Catalina]
20-Aug-2022 21:57:36.121 INFO [main] org.apache.catalina.core.StandardEngine.startInternal Starting Servlet engine: [Apache Tomcat/9.0.65]
20-Aug-2022 21:57:36.152 INFO [main] org.apache.catalina.startup.HostConfig.deployWAR Deploying web application archive [D:\apache-tomcat-9.0.65-windows-x64\apache-tomcat-9.0.65\webapps\studentformapp-0.0.1-SNAPSHOT.war]
20-Aug-2022 21:57:39.070 INFO [main] org.apache.jasper.servlet.TldScanner.scanJars At least one JAR was scanned for TLDs yet contained no TLDs. Enable debug logging for this logger for a complete list of JARs that were scanned but no TLDs were found in them. Skipping unneeded JARs during scanning can improve startup time and JSP compilation time.
20-Aug-2022 21:57:39.367 WARNING [main] org.apache.catalina.util.SessionIdGeneratorBase.createSecureRandom Creation of SecureRandom instance for session ID generation using [SHA1PRNG] took [243] milliseconds.
20-Aug-2022 21:57:39.391 INFO [main] org.apache.catalina.startup.HostConfig.deployWAR Deployment of web application archive [D:\apache-tomcat-9.0.65-windows-x64\apache-tomcat-9.0.65\webapps\studentformapp-0.0.1-SNAPSHOT.war] has finished in [3,239] ms
20-Aug-2022 21:57:39.393 INFO [main] org.apache.catalina.startup.HostConfig.deployDirectory Deploying web application directory [D:\apache-tomcat-9.0.65-windows-x64\apache-tomcat-9.0.65\webapps\docs]
20-Aug-2022 21:57:39.428 INFO [main] org.apache.catalina.startup.HostConfig.deployDirectory Deployment of web application directory [D:\apache-tomcat-9.0.65-windows-x64\apache-tomcat-9.0.65\webapps\docs] has finished in [35] ms
20-Aug-2022 21:57:39.428 INFO [main] org.apache.catalina.startup.HostConfig.deployDirectory Deploying web application directory [D:\apache-tomcat-9.0.65-windows-x64\apache-tomcat-9.0.65\webapps\examples]
20-Aug-2022 21:57:39.804 INFO [main] org.apache.catalina.startup.HostConfig.deployDirectory Deployment of web application directory [D:\apache-tomcat-9.0.65-windows-x64\apache-tomcat-9.0.65\webapps\examples] has finished in [376] ms
20-Aug-2022 21:57:39.804 INFO [main] org.apache.catalina.startup.HostConfig.deployDirectory Deploying web application directory [D:\apache-tomcat-9.0.65-windows-x64\apache-tomcat-9.0.65\webapps\host-manager]
20-Aug-2022 21:57:39.852 INFO [main] org.apache.catalina.startup.HostConfig.deployDirectory Deployment of web application directory [D:\apache-tomcat-9.0.65-windows-x64\apache-tomcat-9.0.65\webapps\host-manager] has finished in [48] ms
20-Aug-2022 21:57:39.852 INFO [main] org.apache.catalina.startup.HostConfig.deployDirectory Deploying web application directory [D:\apache-tomcat-9.0.65-windows-x64\apache-tomcat-9.0.65\webapps\manager]
20-Aug-2022 21:57:39.887 INFO [main] org.apache.catalina.startup.HostConfig.deployDirectory Deployment of web application directory [D:\apache-tomcat-9.0.65-windows-x64\apache-tomcat-9.0.65\webapps\manager] has finished in [35] ms
20-Aug-2022 21:57:39.888 INFO [main] org.apache.catalina.startup.HostConfig.deployDirectory Deploying web application directory [D:\apache-tomcat-9.0.65-windows-x64\apache-tomcat-9.0.65\webapps\ROOT]
20-Aug-2022 21:57:39.913 INFO [main] org.apache.catalina.startup.HostConfig.deployDirectory Deployment of web application directory [D:\apache-tomcat-9.0.65-windows-x64\apache-tomcat-9.0.65\webapps\ROOT] has finished in [26] ms
20-Aug-2022 21:57:39.919 INFO [main] org.apache.coyote.AbstractProtocol.start Starting ProtocolHandler ["http-nio-8080"]
20-Aug-2022 21:57:39.955 INFO [main] org.apache.catalina.startup.Catalina.start Server startup in [3886] milliseconds
20-Aug-2022 22:12:28.407 INFO [http-nio-8080-exec-2] org.hibernate.Version.logVersion HHH000412: Hibernate ORM core version 5.5.7.Final
20-Aug-2022 22:12:29.340 WARN [http-nio-8080-exec-2] org.hibernate.boot.jaxb.internal.stax.LocalXmlResourceResolver.resolveEntity HHH90000012: Recognized obsolete hibernate namespace http://hibernate.sourceforge.net/hibernate-configuration. Use namespace http://www.hibernate.org/dtd/hibernate-configuration instead.  Support for obsolete DTD/XSD namespaces may be removed at any time.
20-Aug-2022 22:44:04.329 INFO [Catalina-utility-1] org.apache.catalina.startup.HostConfig.undeploy Undeploying context [/studentformapp-0.0.1-SNAPSHOT]
