21-Aug-2022 00:31:31.991 INFO [main] org.apache.catalina.core.ApplicationContext.log ContextListener: contextInitialized()
21-Aug-2022 00:31:31.991 INFO [main] org.apache.catalina.core.ApplicationContext.log SessionListener: contextInitialized()
21-Aug-2022 00:31:31.995 INFO [main] org.apache.catalina.core.ApplicationContext.log ContextListener: attributeAdded('StockTicker', 'async.Stockticker@7b5ac347')
21-Aug-2022 00:31:32.158 INFO [main] org.apache.catalina.core.ApplicationContext.log SessionListener: contextDestroyed()
21-Aug-2022 00:31:32.158 INFO [main] org.apache.catalina.core.ApplicationContext.log ContextListener: contextDestroyed()
21-Aug-2022 00:33:02.310 SEVERE [http-nio-8080-exec-11] org.apache.catalina.core.StandardWrapperValve.invoke Servlet.service() for servlet [studentformapp.servlet.StudentServlet] in context with path [/studentformapp-0.0.1-SNAPSHOT] threw exception [Servlet execution threw an exception] with root cause
	java.lang.ClassNotFoundException: org.slf4j.impl.StaticLoggerBinder
		at org.apache.catalina.loader.WebappClassLoaderBase.loadClass(WebappClassLoaderBase.java:1412)
		at org.apache.catalina.loader.WebappClassLoaderBase.loadClass(WebappClassLoaderBase.java:1220)
		at org.slf4j.LoggerFactory.getSingleton(LoggerFactory.java:223)
		at org.slf4j.LoggerFactory.bind(LoggerFactory.java:120)
		at org.slf4j.LoggerFactory.performInitialization(LoggerFactory.java:111)
		at org.slf4j.LoggerFactory.getILoggerFactory(LoggerFactory.java:269)
		at org.slf4j.LoggerFactory.getLogger(LoggerFactory.java:242)
		at org.slf4j.LoggerFactory.getLogger(LoggerFactory.java:255)
		at org.hibernate.annotations.common.Version.<clinit>(Version.java:34)
		at org.hibernate.annotations.common.reflection.java.JavaReflectionManager.<clinit>(JavaReflectionManager.java:73)
		at org.hibernate.boot.internal.BootstrapContextImpl.generateHcannReflectionManager(BootstrapContextImpl.java:311)
		at org.hibernate.boot.internal.BootstrapContextImpl.<init>(BootstrapContextImpl.java:89)
		at org.hibernate.boot.internal.MetadataBuilderImpl.<init>(MetadataBuilderImpl.java:124)
		at org.hibernate.boot.MetadataSources.getMetadataBuilder(MetadataSources.java:158)
		at org.hibernate.cfg.Configuration.buildSessionFactory(Configuration.java:673)
		at org.hibernate.cfg.Configuration.buildSessionFactory(Configuration.java:744)
		at studentformapp.utility.HibernateUtility.buildSessionFactory(HibernateUtility.java:14)
		at studentformapp.utility.HibernateUtility.<clinit>(HibernateUtility.java:11)
		at studentformapp.dao.StudentDAOImpl.<init>(StudentDAOImpl.java:14)
		at studentformapp.servlet.StudentServlet.listStudent(StudentServlet.java:57)
		at studentformapp.servlet.StudentServlet.doGet(StudentServlet.java:46)
		at javax.servlet.http.HttpServlet.service(HttpServlet.java:655)
		at javax.servlet.http.HttpServlet.service(HttpServlet.java:764)
		at org.apache.catalina.core.ApplicationFilterChain.internalDoFilter(ApplicationFilterChain.java:227)
		at org.apache.catalina.core.ApplicationFilterChain.doFilter(ApplicationFilterChain.java:162)
		at org.apache.tomcat.websocket.server.WsFilter.doFilter(WsFilter.java:53)
		at org.apache.catalina.core.ApplicationFilterChain.internalDoFilter(ApplicationFilterChain.java:189)
		at org.apache.catalina.core.ApplicationFilterChain.doFilter(ApplicationFilterChain.java:162)
		at org.apache.catalina.core.StandardWrapperValve.invoke(StandardWrapperValve.java:197)
		at org.apache.catalina.core.StandardContextValve.invoke(StandardContextValve.java:97)
		at org.apache.catalina.authenticator.AuthenticatorBase.invoke(AuthenticatorBase.java:541)
		at org.apache.catalina.core.StandardHostValve.invoke(StandardHostValve.java:135)
		at org.apache.catalina.valves.ErrorReportValve.invoke(ErrorReportValve.java:92)
		at org.apache.catalina.valves.AbstractAccessLogValve.invoke(AbstractAccessLogValve.java:687)
		at org.apache.catalina.core.StandardEngineValve.invoke(StandardEngineValve.java:78)
		at org.apache.catalina.connector.CoyoteAdapter.service(CoyoteAdapter.java:360)
		at org.apache.coyote.http11.Http11Processor.service(Http11Processor.java:399)
		at org.apache.coyote.AbstractProcessorLight.process(AbstractProcessorLight.java:65)
		at org.apache.coyote.AbstractProtocol$ConnectionHandler.process(AbstractProtocol.java:890)
		at org.apache.tomcat.util.net.NioEndpoint$SocketProcessor.doRun(NioEndpoint.java:1789)
		at org.apache.tomcat.util.net.SocketProcessorBase.run(SocketProcessorBase.java:49)
		at org.apache.tomcat.util.threads.ThreadPoolExecutor.runWorker(ThreadPoolExecutor.java:1191)
		at org.apache.tomcat.util.threads.ThreadPoolExecutor$Worker.run(ThreadPoolExecutor.java:659)
		at org.apache.tomcat.util.threads.TaskThread$WrappingRunnable.run(TaskThread.java:61)
		at java.lang.Thread.run(Thread.java:748)
21-Aug-2022 00:33:15.475 SEVERE [http-nio-8080-exec-12] org.apache.catalina.core.StandardWrapperValve.invoke Servlet.service() for servlet [studentformapp.servlet.StudentServlet] in context with path [/studentformapp-0.0.1-SNAPSHOT] threw exception [Servlet execution threw an exception] with root cause
	java.lang.NoClassDefFoundError: Could not initialize class studentformapp.utility.HibernateUtility
		at studentformapp.dao.StudentDAOImpl.<init>(StudentDAOImpl.java:14)
		at studentformapp.servlet.StudentServlet.listStudent(StudentServlet.java:57)
		at studentformapp.servlet.StudentServlet.doGet(StudentServlet.java:46)
		at javax.servlet.http.HttpServlet.service(HttpServlet.java:655)
		at javax.servlet.http.HttpServlet.service(HttpServlet.java:764)
		at org.apache.catalina.core.ApplicationFilterChain.internalDoFilter(ApplicationFilterChain.java:227)
		at org.apache.catalina.core.ApplicationFilterChain.doFilter(ApplicationFilterChain.java:162)
		at org.apache.tomcat.websocket.server.WsFilter.doFilter(WsFilter.java:53)
		at org.apache.catalina.core.ApplicationFilterChain.internalDoFilter(ApplicationFilterChain.java:189)
		at org.apache.catalina.core.ApplicationFilterChain.doFilter(ApplicationFilterChain.java:162)
		at org.apache.catalina.core.StandardWrapperValve.invoke(StandardWrapperValve.java:197)
		at org.apache.catalina.core.StandardContextValve.invoke(StandardContextValve.java:97)
		at org.apache.catalina.authenticator.AuthenticatorBase.invoke(AuthenticatorBase.java:541)
		at org.apache.catalina.core.StandardHostValve.invoke(StandardHostValve.java:135)
		at org.apache.catalina.valves.ErrorReportValve.invoke(ErrorReportValve.java:92)
		at org.apache.catalina.valves.AbstractAccessLogValve.invoke(AbstractAccessLogValve.java:687)
		at org.apache.catalina.core.StandardEngineValve.invoke(StandardEngineValve.java:78)
		at org.apache.catalina.connector.CoyoteAdapter.service(CoyoteAdapter.java:360)
		at org.apache.coyote.http11.Http11Processor.service(Http11Processor.java:399)
		at org.apache.coyote.AbstractProcessorLight.process(AbstractProcessorLight.java:65)
		at org.apache.coyote.AbstractProtocol$ConnectionHandler.process(AbstractProtocol.java:890)
		at org.apache.tomcat.util.net.NioEndpoint$SocketProcessor.doRun(NioEndpoint.java:1789)
		at org.apache.tomcat.util.net.SocketProcessorBase.run(SocketProcessorBase.java:49)
		at org.apache.tomcat.util.threads.ThreadPoolExecutor.runWorker(ThreadPoolExecutor.java:1191)
		at org.apache.tomcat.util.threads.ThreadPoolExecutor$Worker.run(ThreadPoolExecutor.java:659)
		at org.apache.tomcat.util.threads.TaskThread$WrappingRunnable.run(TaskThread.java:61)
		at java.lang.Thread.run(Thread.java:748)
